<?xml version="1.0" encoding="UTF-8"?>
<!-- Generated by org.testng.reporters.JUnitReportReporter -->
<testsuite skipped="0" hostname="user-PC" name="testNG.Java_Class" tests="1" failures="0" timestamp="24 Sep 2017 15:40:25 GMT" time="0.002" errors="0">
  <testcase name="test" time="0.002" classname="testNG.Java_Class"/>
</testsuite> <!-- testNG.Java_Class -->
