<?xml version="1.0" encoding="UTF-8"?>
<!-- Generated by org.testng.reporters.JUnitReportReporter -->
<testsuite skipped="0" hostname="user-PC" name="testNG.Yatra_calendarPopup" tests="1" failures="0" timestamp="24 Sep 2017 15:40:25 GMT" time="36.684" errors="0">
  <testcase name="Calendar_Popup" time="36.684" classname="testNG.Yatra_calendarPopup"/>
</testsuite> <!-- testNG.Yatra_calendarPopup -->
