<?xml version="1.0" encoding="UTF-8"?>
<!-- Generated by org.testng.reporters.JUnitReportReporter -->
<testsuite skipped="0" hostname="user-PC" name="testNG.AfterBefore_Method" tests="2" failures="0" timestamp="24 Sep 2017 18:17:23 GMT" time="0.026" errors="0">
  <testcase name="f3" time="0.014" classname="testNG.AfterBefore_Method"/>
  <testcase name="a" time="0.012" classname="testNG.AfterBefore_Method"/>
</testsuite> <!-- testNG.AfterBefore_Method -->
