<?xml version="1.0" encoding="UTF-8"?>
<!-- Generated by org.testng.reporters.JUnitReportReporter -->
<testsuite skipped="0" hostname="user-PC" name="testNG.FlipKart_Popup" tests="1" failures="0" timestamp="24 Sep 2017 15:40:25 GMT" time="57.393" errors="0">
  <testcase name="hiddenDivisionPopup" time="57.393" classname="testNG.FlipKart_Popup"/>
</testsuite> <!-- testNG.FlipKart_Popup -->
