<?xml version="1.0" encoding="UTF-8"?>
<!-- Generated by org.testng.reporters.JUnitReportReporter -->
<testsuite skipped="0" hostname="user-PC" name="testNG.Sample" tests="3" failures="0" timestamp="24 Sep 2017 15:40:25 GMT" time="0.030" errors="0">
  <testcase name="f1" time="0.024" classname="testNG.Sample"/>
  <testcase name="f3" time="0.005" classname="testNG.Sample"/>
  <testcase name="f2" time="0.001" classname="testNG.Sample"/>
</testsuite> <!-- testNG.Sample -->
