<?xml version="1.0" encoding="UTF-8"?>
<!-- Generated by org.testng.reporters.JUnitReportReporter -->
<testsuite skipped="0" hostname="user-PC" name="testNG.Actitime_Placeholder" tests="1" failures="0" timestamp="24 Sep 2017 15:40:25 GMT" time="20.467" errors="0">
  <testcase name="placeHolder" time="20.467" classname="testNG.Actitime_Placeholder"/>
</testsuite> <!-- testNG.Actitime_Placeholder -->
