<?xml version="1.0" encoding="UTF-8"?>
<!-- Generated by org.testng.reporters.JUnitReportReporter -->
<testsuite skipped="0" hostname="user-PC" name="testNG.Irctc_windowHandle" tests="1" failures="0" timestamp="24 Sep 2017 15:40:25 GMT" time="27.932" errors="0">
  <testcase name="windowHandle" time="27.932" classname="testNG.Irctc_windowHandle"/>
</testsuite> <!-- testNG.Irctc_windowHandle -->
